<?xml version="1.0" encoding="UTF-8"?>
<testsuite xmlns:xsi="http://www.w3.org/2001/XMLSchema-instance" xsi:noNamespaceSchemaLocation="https://maven.apache.org/surefire/maven-surefire-plugin/xsd/surefire-test-report-3.0.xsd" version="3.0" name="us.abstracta.jmeter.javadsl.sample.PrimerTest" time="26.729" tests="1" errors="0" skipped="0" failures="0">
  <properties>
    <property name="java.specification.version" value="19"/>
    <property name="darklaf.decorations" value="false"/>
    <property name="sun.jnu.encoding" value="UTF-8"/>
    <property name="sun.awt.enableExtraMouseButtons" value="true"/>
    <property name="java.class.path" value="/Users/abstracta/Documents/Clients/Conferencias/QSConf/TallerJMeterDSL/proyecto_base/target/test-classes:/Users/abstracta/Documents/Clients/Conferencias/QSConf/TallerJMeterDSL/proyecto_base/target/classes:/Users/abstracta/.m2/repository/us/abstracta/jmeter/jmeter-java-dsl/1.29/jmeter-java-dsl-1.29.jar:/Users/abstracta/.m2/repository/org/apache/jmeter/ApacheJMeter_http/5.5/ApacheJMeter_http-5.5.jar:/Users/abstracta/.m2/repository/org/apache/jmeter/ApacheJMeter_core/5.5/ApacheJMeter_core-5.5.jar:/Users/abstracta/.m2/repository/org/apache/jmeter/ApacheJMeter/5.5/ApacheJMeter-5.5.jar:/Users/abstracta/.m2/repository/org/apache/jmeter/jorphan/5.5/jorphan-5.5.jar:/Users/abstracta/.m2/repository/bsf/bsf/2.4.0/bsf-2.4.0.jar:/Users/abstracta/.m2/repository/com/fifesoft/rsyntaxtextarea/3.2.0/rsyntaxtextarea-3.2.0.jar:/Users/abstracta/.m2/repository/org/apache/logging/log4j/log4j-1.2-api/2.17.2/log4j-1.2-api-2.17.2.jar:/Users/abstracta/.m2/repository/org/apache/logging/log4j/log4j-api/2.17.2/log4j-api-2.17.2.jar:/Users/abstracta/.m2/repository/org/apache/logging/log4j/log4j-core/2.17.2/log4j-core-2.17.2.jar:/Users/abstracta/.m2/repository/org/apache/logging/log4j/log4j-slf4j-impl/2.17.2/log4j-slf4j-impl-2.17.2.jar:/Users/abstracta/.m2/repository/xalan/xalan/2.7.2/xalan-2.7.2.jar:/Users/abstracta/.m2/repository/xalan/serializer/2.7.2/serializer-2.7.2.jar:/Users/abstracta/.m2/repository/net/sf/saxon/Saxon-HE/11.3/Saxon-HE-11.3.jar:/Users/abstracta/.m2/repository/org/xmlresolver/xmlresolver/4.2.0/xmlresolver-4.2.0.jar:/Users/abstracta/.m2/repository/org/xmlresolver/xmlresolver/4.2.0/xmlresolver-4.2.0-data.jar:/Users/abstracta/.m2/repository/org/jetbrains/kotlin/kotlin-stdlib-jdk8/1.6.21/kotlin-stdlib-jdk8-1.6.21.jar:/Users/abstracta/.m2/repository/org/jetbrains/kotlin/kotlin-stdlib/1.6.21/kotlin-stdlib-1.6.21.jar:/Users/abstracta/.m2/repository/org/jetbrains/kotlin/kotlin-stdlib-jdk7/1.6.21/kotlin-stdlib-jdk7-1.6.21.jar:/Users/abstracta/.m2/repository/org/jetbrains/kotlinx/kotlinx-coroutines-core/1.6.1/kotlinx-coroutines-core-1.6.1.jar:/Users/abstracta/.m2/repository/org/jetbrains/kotlinx/kotlinx-coroutines-core-jvm/1.6.1/kotlinx-coroutines-core-jvm-1.6.1.jar:/Users/abstracta/.m2/repository/org/jetbrains/kotlinx/kotlinx-coroutines-swing/1.6.1/kotlinx-coroutines-swing-1.6.1.jar:/Users/abstracta/.m2/repository/com/formdev/svgSalamander/1.1.2.4/svgSalamander-1.1.2.4.jar:/Users/abstracta/.m2/repository/com/github/weisj/darklaf-core/2.7.3/darklaf-core-2.7.3.jar:/Users/abstracta/.m2/repository/com/github/weisj/darklaf-utils/2.7.3/darklaf-utils-2.7.3.jar:/Users/abstracta/.m2/repository/com/github/weisj/darklaf-native-utils/2.7.3/darklaf-native-utils-2.7.3.jar:/Users/abstracta/.m2/repository/com/github/weisj/darklaf-platform-base/2.7.3/darklaf-platform-base-2.7.3.jar:/Users/abstracta/.m2/repository/com/github/weisj/darklaf-windows/2.7.3/darklaf-windows-2.7.3.jar:/Users/abstracta/.m2/repository/com/github/weisj/darklaf-macos/2.7.3/darklaf-macos-2.7.3.jar:/Users/abstracta/.m2/repository/com/github/weisj/swing-extensions-laf-support/0.1.3/swing-extensions-laf-support-0.1.3.jar:/Users/abstracta/.m2/repository/com/github/weisj/darklaf-theme/2.7.3/darklaf-theme-2.7.3.jar:/Users/abstracta/.m2/repository/com/github/weisj/darklaf-property-loader/2.7.3/darklaf-property-loader-2.7.3.jar:/Users/abstracta/.m2/repository/com/github/weisj/swing-extensions-visual-padding/0.1.3/swing-extensions-visual-padding-0.1.3.jar:/Users/abstracta/.m2/repository/org/jetbrains/annotations/16.0.2/annotations-16.0.2.jar:/Users/abstracta/.m2/repository/com/github/weisj/darklaf-extensions-rsyntaxarea/0.3.4/darklaf-extensions-rsyntaxarea-0.3.4.jar:/Users/abstracta/.m2/repository/commons-collections/commons-collections/3.2.2/commons-collections-3.2.2.jar:/Users/abstracta/.m2/repository/org/jetbrains/lets-plot/lets-plot-batik/2.2.1/lets-plot-batik-2.2.1.jar:/Users/abstracta/.m2/repository/org/apache/xmlgraphics/batik-codec/1.14/batik-codec-1.14.jar:/Users/abstracta/.m2/repository/org/apache/xmlgraphics/batik-awt-util/1.14/batik-awt-util-1.14.jar:/Users/abstracta/.m2/repository/org/apache/xmlgraphics/batik-bridge/1.14/batik-bridge-1.14.jar:/Users/abstracta/.m2/repository/org/apache/xmlgraphics/batik-anim/1.14/batik-anim-1.14.jar:/Users/abstracta/.m2/repository/org/apache/xmlgraphics/batik-ext/1.14/batik-ext-1.14.jar:/Users/abstracta/.m2/repository/org/apache/xmlgraphics/batik-css/1.14/batik-css-1.14.jar:/Users/abstracta/.m2/repository/org/apache/xmlgraphics/batik-dom/1.14/batik-dom-1.14.jar:/Users/abstracta/.m2/repository/org/apache/xmlgraphics/batik-gvt/1.14/batik-gvt-1.14.jar:/Users/abstracta/.m2/repository/org/apache/xmlgraphics/batik-parser/1.14/batik-parser-1.14.jar:/Users/abstracta/.m2/repository/org/apache/xmlgraphics/batik-script/1.14/batik-script-1.14.jar:/Users/abstracta/.m2/repository/org/apache/xmlgraphics/batik-svg-dom/1.14/batik-svg-dom-1.14.jar:/Users/abstracta/.m2/repository/org/apache/xmlgraphics/batik-xml/1.14/batik-xml-1.14.jar:/Users/abstracta/.m2/repository/xml-apis/xml-apis-ext/1.3.04/xml-apis-ext-1.3.04.jar:/Users/abstracta/.m2/repository/org/apache/xmlgraphics/batik-shared-resources/1.14/batik-shared-resources-1.14.jar:/Users/abstracta/.m2/repository/org/apache/xmlgraphics/batik-transcoder/1.14/batik-transcoder-1.14.jar:/Users/abstracta/.m2/repository/org/apache/xmlgraphics/batik-svggen/1.14/batik-svggen-1.14.jar:/Users/abstracta/.m2/repository/org/apache/xmlgraphics/batik-util/1.14/batik-util-1.14.jar:/Users/abstracta/.m2/repository/org/apache/xmlgraphics/batik-constants/1.14/batik-constants-1.14.jar:/Users/abstracta/.m2/repository/org/apache/xmlgraphics/batik-i18n/1.14/batik-i18n-1.14.jar:/Users/abstracta/.m2/repository/org/jetbrains/lets-plot/lets-plot-common/2.2.1/lets-plot-common-2.2.1.jar:/Users/abstracta/.m2/repository/io/github/microutils/kotlin-logging/2.0.5/kotlin-logging-2.0.5.jar:/Users/abstracta/.m2/repository/org/jetbrains/kotlinx/kotlinx-html-jvm/0.7.3/kotlinx-html-jvm-0.7.3.jar:/Users/abstracta/.m2/repository/org/jetbrains/lets-plot/lets-plot-kotlin-jvm/3.1.1/lets-plot-kotlin-jvm-3.1.1.jar:/Users/abstracta/.m2/repository/org/jetbrains/lets-plot/base-portable-jvm/2.2.1/base-portable-jvm-2.2.1.jar:/Users/abstracta/.m2/repository/org/jetbrains/lets-plot/plot-base-portable-jvm/2.2.1/plot-base-portable-jvm-2.2.1.jar:/Users/abstracta/.m2/repository/org/jetbrains/lets-plot/vis-svg-portable-jvm/2.2.1/vis-svg-portable-jvm-2.2.1.jar:/Users/abstracta/.m2/repository/org/jetbrains/lets-plot/plot-common-portable-jvm/2.2.1/plot-common-portable-jvm-2.2.1.jar:/Users/abstracta/.m2/repository/org/jetbrains/lets-plot/plot-builder-portable-jvm/2.2.1/plot-builder-portable-jvm-2.2.1.jar:/Users/abstracta/.m2/repository/org/jetbrains/lets-plot/plot-config-portable-jvm/2.2.1/plot-config-portable-jvm-2.2.1.jar:/Users/abstracta/.m2/repository/org/jetbrains/kotlin/kotlin-stdlib-common/1.5.31/kotlin-stdlib-common-1.5.31.jar:/Users/abstracta/.m2/repository/io/github/microutils/kotlin-logging-jvm/2.0.5/kotlin-logging-jvm-2.0.5.jar:/Users/abstracta/.m2/repository/org/apache/xmlgraphics/xmlgraphics-commons/2.7/xmlgraphics-commons-2.7.jar:/Users/abstracta/.m2/repository/org/freemarker/freemarker/2.3.31/freemarker-2.3.31.jar:/Users/abstracta/.m2/repository/org/jodd/jodd-core/5.0.13/jodd-core-5.0.13.jar:/Users/abstracta/.m2/repository/org/jodd/jodd-props/5.0.13/jodd-props-5.0.13.jar:/Users/abstracta/.m2/repository/org/slf4j/jcl-over-slf4j/1.7.36/jcl-over-slf4j-1.7.36.jar:/Users/abstracta/.m2/repository/org/codehaus/groovy/groovy/3.0.11/groovy-3.0.11.jar:/Users/abstracta/.m2/repository/org/codehaus/groovy/groovy-dateutil/3.0.11/groovy-dateutil-3.0.11.jar:/Users/abstracta/.m2/repository/org/codehaus/groovy/groovy-datetime/3.0.11/groovy-datetime-3.0.11.jar:/Users/abstracta/.m2/repository/org/codehaus/groovy/groovy-jmx/3.0.11/groovy-jmx-3.0.11.jar:/Users/abstracta/.m2/repository/org/codehaus/groovy/groovy-json/3.0.11/groovy-json-3.0.11.jar:/Users/abstracta/.m2/repository/org/codehaus/groovy/groovy-jsr223/3.0.11/groovy-jsr223-3.0.11.jar:/Users/abstracta/.m2/repository/org/codehaus/groovy/groovy-sql/3.0.11/groovy-sql-3.0.11.jar:/Users/abstracta/.m2/repository/org/codehaus/groovy/groovy-templates/3.0.11/groovy-templates-3.0.11.jar:/Users/abstracta/.m2/repository/org/codehaus/groovy/groovy-xml/3.0.11/groovy-xml-3.0.11.jar:/Users/abstracta/.m2/repository/xerces/xercesImpl/2.12.2/xercesImpl-2.12.2.jar:/Users/abstracta/.m2/repository/xml-apis/xml-apis/1.4.01/xml-apis-1.4.01.jar:/Users/abstracta/.m2/repository/com/thoughtworks/xstream/xstream/1.4.19/xstream-1.4.19.jar:/Users/abstracta/.m2/repository/io/github/x-stream/mxparser/1.2.2/mxparser-1.2.2.jar:/Users/abstracta/.m2/repository/xmlpull/xmlpull/1.1.3.1/xmlpull-1.1.3.1.jar:/Users/abstracta/.m2/repository/com/github/ben-manes/caffeine/caffeine/2.9.3/caffeine-2.9.3.jar:/Users/abstracta/.m2/repository/org/checkerframework/checker-qual/3.19.0/checker-qual-3.19.0.jar:/Users/abstracta/.m2/repository/com/google/errorprone/error_prone_annotations/2.10.0/error_prone_annotations-2.10.0.jar:/Users/abstracta/.m2/repository/org/apache/commons/commons-lang3/3.12.0/commons-lang3-3.12.0.jar:/Users/abstracta/.m2/repository/org/apache/commons/commons-text/1.9/commons-text-1.9.jar:/Users/abstracta/.m2/repository/org/jodd/jodd-lagarto/5.0.13/jodd-lagarto-5.0.13.jar:/Users/abstracta/.m2/repository/org/jsoup/jsoup/1.15.1/jsoup-1.15.1.jar:/Users/abstracta/.m2/repository/oro/oro/2.0.8/oro-2.0.8.jar:/Users/abstracta/.m2/repository/org/apache/commons/commons-collections4/4.4/commons-collections4-4.4.jar:/Users/abstracta/.m2/repository/commons-net/commons-net/3.8.0/commons-net-3.8.0.jar:/Users/abstracta/.m2/repository/com/helger/commons/ph-commons/10.1.6/ph-commons-10.1.6.jar:/Users/abstracta/.m2/repository/com/helger/ph-css/6.5.0/ph-css-6.5.0.jar:/Users/abstracta/.m2/repository/dnsjava/dnsjava/2.1.9/dnsjava-2.1.9.jar:/Users/abstracta/.m2/repository/org/apache/httpcomponents/httpmime/4.5.13/httpmime-4.5.13.jar:/Users/abstracta/.m2/repository/org/brotli/dec/0.1.2/dec-0.1.2.jar:/Users/abstracta/.m2/repository/com/miglayout/miglayout-swing/5.3/miglayout-swing-5.3.jar:/Users/abstracta/.m2/repository/com/miglayout/miglayout-core/5.3/miglayout-core-5.3.jar:/Users/abstracta/.m2/repository/org/apache/tika/tika-core/1.28.3/tika-core-1.28.3.jar:/Users/abstracta/.m2/repository/org/apache/tika/tika-parsers/1.28.3/tika-parsers-1.28.3.jar:/Users/abstracta/.m2/repository/org/apache/jmeter/ApacheJMeter_functions/5.5/ApacheJMeter_functions-5.5.jar:/Users/abstracta/.m2/repository/org/mozilla/rhino/1.7.14/rhino-1.7.14.jar:/Users/abstracta/.m2/repository/commons-codec/commons-codec/1.15/commons-codec-1.15.jar:/Users/abstracta/.m2/repository/org/apache/commons/commons-jexl/2.1.1/commons-jexl-2.1.1.jar:/Users/abstracta/.m2/repository/org/apache/commons/commons-jexl3/3.2.1/commons-jexl3-3.2.1.jar:/Users/abstracta/.m2/repository/org/apache/jmeter/ApacheJMeter_components/5.5/ApacheJMeter_components-5.5.jar:/Users/abstracta/.m2/repository/org/apache-extras/beanshell/bsh/2.0b6/bsh-2.0b6.jar:/Users/abstracta/.m2/repository/javax/mail/mail/1.5.0-b01/mail-1.5.0-b01.jar:/Users/abstracta/.m2/repository/io/burt/jmespath-core/0.5.1/jmespath-core-0.5.1.jar:/Users/abstracta/.m2/repository/io/burt/jmespath-jackson/0.5.1/jmespath-jackson-0.5.1.jar:/Users/abstracta/.m2/repository/jcharts/jcharts/0.7.5/jcharts-0.7.5.jar:/Users/abstracta/.m2/repository/net/minidev/json-smart/2.4.8/json-smart-2.4.8.jar:/Users/abstracta/.m2/repository/net/minidev/accessors-smart/2.4.8/accessors-smart-2.4.8.jar:/Users/abstracta/.m2/repository/org/ow2/asm/asm/9.3/asm-9.3.jar:/Users/abstracta/.m2/repository/org/jodd/jodd-log/5.0.13/jodd-log-5.0.13.jar:/Users/abstracta/.m2/repository/com/jayway/jsonpath/json-path/2.7.0/json-path-2.7.0.jar:/Users/abstracta/.m2/repository/org/apache/httpcomponents/httpasyncclient/4.1.5/httpasyncclient-4.1.5.jar:/Users/abstracta/.m2/repository/org/apache/httpcomponents/httpcore-nio/4.4.15/httpcore-nio-4.4.15.jar:/Users/abstracta/.m2/repository/net/sf/jtidy/jtidy/r938/jtidy-r938.jar:/Users/abstracta/.m2/repository/com/sun/activation/javax.activation/1.2.0/javax.activation-1.2.0.jar:/Users/abstracta/.m2/repository/org/apache/jmeter/ApacheJMeter_config/5.5/ApacheJMeter_config-5.5.jar:/Users/abstracta/.m2/repository/org/apache/jmeter/ApacheJMeter_java/5.5/ApacheJMeter_java-5.5.jar:/Users/abstracta/.m2/repository/kg/apc/jmeter-plugins-casutg/2.10/jmeter-plugins-casutg-2.10.jar:/Users/abstracta/.m2/repository/kg/apc/jmeter-plugins-cmn-jmeter/0.6/jmeter-plugins-cmn-jmeter-0.6.jar:/Users/abstracta/.m2/repository/kg/apc/jmeter-plugins-charts/0.1/jmeter-plugins-charts-0.1.jar:/Users/abstracta/.m2/repository/kg/apc/jmeter-plugins-tst/2.5/jmeter-plugins-tst-2.5.jar:/Users/abstracta/.m2/repository/kg/apc/jmeter-plugins-dummy/0.4/jmeter-plugins-dummy-0.4.jar:/Users/abstracta/.m2/repository/com/blazemeter/jmeter-plugins-wsc/0.7/jmeter-plugins-wsc-0.7.jar:/Users/abstracta/.m2/repository/com/blazemeter/jmeter-plugins-random-csv-data-set/0.8/jmeter-plugins-random-csv-data-set-0.8.jar:/Users/abstracta/.m2/repository/org/apache/httpcomponents/httpcore/4.4.16/httpcore-4.4.16.jar:/Users/abstracta/.m2/repository/org/apache/httpcomponents/httpclient/4.5.14/httpclient-4.5.14.jar:/Users/abstracta/.m2/repository/commons-logging/commons-logging/1.2/commons-logging-1.2.jar:/Users/abstracta/.m2/repository/commons-io/commons-io/2.11.0/commons-io-2.11.0.jar:/Users/abstracta/.m2/repository/org/apache/commons/commons-math3/3.6.1/commons-math3-3.6.1.jar:/Users/abstracta/.m2/repository/org/slf4j/slf4j-api/1.7.36/slf4j-api-1.7.36.jar:/Users/abstracta/.m2/repository/com/fasterxml/jackson/core/jackson-databind/2.14.2/jackson-databind-2.14.2.jar:/Users/abstracta/.m2/repository/com/fasterxml/jackson/core/jackson-annotations/2.14.2/jackson-annotations-2.14.2.jar:/Users/abstracta/.m2/repository/com/fasterxml/jackson/core/jackson-core/2.14.2/jackson-core-2.14.2.jar:/Users/abstracta/.m2/repository/org/apache/commons/commons-pool2/2.11.1/commons-pool2-2.11.1.jar:/Users/abstracta/.m2/repository/org/junit/jupiter/junit-jupiter-engine/5.10.0/junit-jupiter-engine-5.10.0.jar:/Users/abstracta/.m2/repository/org/junit/platform/junit-platform-engine/1.10.0/junit-platform-engine-1.10.0.jar:/Users/abstracta/.m2/repository/org/opentest4j/opentest4j/1.3.0/opentest4j-1.3.0.jar:/Users/abstracta/.m2/repository/org/junit/platform/junit-platform-commons/1.10.0/junit-platform-commons-1.10.0.jar:/Users/abstracta/.m2/repository/org/junit/jupiter/junit-jupiter-api/5.10.0/junit-jupiter-api-5.10.0.jar:/Users/abstracta/.m2/repository/org/apiguardian/apiguardian-api/1.1.2/apiguardian-api-1.1.2.jar:/Users/abstracta/.m2/repository/org/assertj/assertj-core/3.24.2/assertj-core-3.24.2.jar:/Users/abstracta/.m2/repository/net/bytebuddy/byte-buddy/1.12.21/byte-buddy-1.12.21.jar:"/>
    <property name="java.vm.vendor" value="Oracle Corporation"/>
    <property name="sun.arch.data.model" value="64"/>
    <property name="java.vendor.url" value="https://java.oracle.com/"/>
    <property name="user.timezone" value="America/Montevideo"/>
    <property name="os.name" value="Mac OS X"/>
    <property name="java.vm.specification.version" value="19"/>
    <property name="sun.java.launcher" value="SUN_STANDARD"/>
    <property name="user.country" value="UY"/>
    <property name="sun.boot.library.path" value="/Users/abstracta/Library/Java/JavaVirtualMachines/openjdk-19.0.2/Contents/Home/lib"/>
    <property name="darklaf.treeRowPopup" value="false"/>
    <property name="sun.java.command" value="/Users/abstracta/Documents/Clients/Conferencias/QSConf/TallerJMeterDSL/proyecto_base/target/surefire/surefirebooter-20240924064402296_3.jar /Users/abstracta/Documents/Clients/Conferencias/QSConf/TallerJMeterDSL/proyecto_base/target/surefire 2024-09-24T06-44-02_139-jvmRun1 surefire-20240924064402296_1tmp surefire_0-20240924064402296_2tmp"/>
    <property name="jdk.debug" value="release"/>
    <property name="surefire.test.class.path" value="/Users/abstracta/Documents/Clients/Conferencias/QSConf/TallerJMeterDSL/proyecto_base/target/test-classes:/Users/abstracta/Documents/Clients/Conferencias/QSConf/TallerJMeterDSL/proyecto_base/target/classes:/Users/abstracta/.m2/repository/us/abstracta/jmeter/jmeter-java-dsl/1.29/jmeter-java-dsl-1.29.jar:/Users/abstracta/.m2/repository/org/apache/jmeter/ApacheJMeter_http/5.5/ApacheJMeter_http-5.5.jar:/Users/abstracta/.m2/repository/org/apache/jmeter/ApacheJMeter_core/5.5/ApacheJMeter_core-5.5.jar:/Users/abstracta/.m2/repository/org/apache/jmeter/ApacheJMeter/5.5/ApacheJMeter-5.5.jar:/Users/abstracta/.m2/repository/org/apache/jmeter/jorphan/5.5/jorphan-5.5.jar:/Users/abstracta/.m2/repository/bsf/bsf/2.4.0/bsf-2.4.0.jar:/Users/abstracta/.m2/repository/com/fifesoft/rsyntaxtextarea/3.2.0/rsyntaxtextarea-3.2.0.jar:/Users/abstracta/.m2/repository/org/apache/logging/log4j/log4j-1.2-api/2.17.2/log4j-1.2-api-2.17.2.jar:/Users/abstracta/.m2/repository/org/apache/logging/log4j/log4j-api/2.17.2/log4j-api-2.17.2.jar:/Users/abstracta/.m2/repository/org/apache/logging/log4j/log4j-core/2.17.2/log4j-core-2.17.2.jar:/Users/abstracta/.m2/repository/org/apache/logging/log4j/log4j-slf4j-impl/2.17.2/log4j-slf4j-impl-2.17.2.jar:/Users/abstracta/.m2/repository/xalan/xalan/2.7.2/xalan-2.7.2.jar:/Users/abstracta/.m2/repository/xalan/serializer/2.7.2/serializer-2.7.2.jar:/Users/abstracta/.m2/repository/net/sf/saxon/Saxon-HE/11.3/Saxon-HE-11.3.jar:/Users/abstracta/.m2/repository/org/xmlresolver/xmlresolver/4.2.0/xmlresolver-4.2.0.jar:/Users/abstracta/.m2/repository/org/xmlresolver/xmlresolver/4.2.0/xmlresolver-4.2.0-data.jar:/Users/abstracta/.m2/repository/org/jetbrains/kotlin/kotlin-stdlib-jdk8/1.6.21/kotlin-stdlib-jdk8-1.6.21.jar:/Users/abstracta/.m2/repository/org/jetbrains/kotlin/kotlin-stdlib/1.6.21/kotlin-stdlib-1.6.21.jar:/Users/abstracta/.m2/repository/org/jetbrains/kotlin/kotlin-stdlib-jdk7/1.6.21/kotlin-stdlib-jdk7-1.6.21.jar:/Users/abstracta/.m2/repository/org/jetbrains/kotlinx/kotlinx-coroutines-core/1.6.1/kotlinx-coroutines-core-1.6.1.jar:/Users/abstracta/.m2/repository/org/jetbrains/kotlinx/kotlinx-coroutines-core-jvm/1.6.1/kotlinx-coroutines-core-jvm-1.6.1.jar:/Users/abstracta/.m2/repository/org/jetbrains/kotlinx/kotlinx-coroutines-swing/1.6.1/kotlinx-coroutines-swing-1.6.1.jar:/Users/abstracta/.m2/repository/com/formdev/svgSalamander/1.1.2.4/svgSalamander-1.1.2.4.jar:/Users/abstracta/.m2/repository/com/github/weisj/darklaf-core/2.7.3/darklaf-core-2.7.3.jar:/Users/abstracta/.m2/repository/com/github/weisj/darklaf-utils/2.7.3/darklaf-utils-2.7.3.jar:/Users/abstracta/.m2/repository/com/github/weisj/darklaf-native-utils/2.7.3/darklaf-native-utils-2.7.3.jar:/Users/abstracta/.m2/repository/com/github/weisj/darklaf-platform-base/2.7.3/darklaf-platform-base-2.7.3.jar:/Users/abstracta/.m2/repository/com/github/weisj/darklaf-windows/2.7.3/darklaf-windows-2.7.3.jar:/Users/abstracta/.m2/repository/com/github/weisj/darklaf-macos/2.7.3/darklaf-macos-2.7.3.jar:/Users/abstracta/.m2/repository/com/github/weisj/swing-extensions-laf-support/0.1.3/swing-extensions-laf-support-0.1.3.jar:/Users/abstracta/.m2/repository/com/github/weisj/darklaf-theme/2.7.3/darklaf-theme-2.7.3.jar:/Users/abstracta/.m2/repository/com/github/weisj/darklaf-property-loader/2.7.3/darklaf-property-loader-2.7.3.jar:/Users/abstracta/.m2/repository/com/github/weisj/swing-extensions-visual-padding/0.1.3/swing-extensions-visual-padding-0.1.3.jar:/Users/abstracta/.m2/repository/org/jetbrains/annotations/16.0.2/annotations-16.0.2.jar:/Users/abstracta/.m2/repository/com/github/weisj/darklaf-extensions-rsyntaxarea/0.3.4/darklaf-extensions-rsyntaxarea-0.3.4.jar:/Users/abstracta/.m2/repository/commons-collections/commons-collections/3.2.2/commons-collections-3.2.2.jar:/Users/abstracta/.m2/repository/org/jetbrains/lets-plot/lets-plot-batik/2.2.1/lets-plot-batik-2.2.1.jar:/Users/abstracta/.m2/repository/org/apache/xmlgraphics/batik-codec/1.14/batik-codec-1.14.jar:/Users/abstracta/.m2/repository/org/apache/xmlgraphics/batik-awt-util/1.14/batik-awt-util-1.14.jar:/Users/abstracta/.m2/repository/org/apache/xmlgraphics/batik-bridge/1.14/batik-bridge-1.14.jar:/Users/abstracta/.m2/repository/org/apache/xmlgraphics/batik-anim/1.14/batik-anim-1.14.jar:/Users/abstracta/.m2/repository/org/apache/xmlgraphics/batik-ext/1.14/batik-ext-1.14.jar:/Users/abstracta/.m2/repository/org/apache/xmlgraphics/batik-css/1.14/batik-css-1.14.jar:/Users/abstracta/.m2/repository/org/apache/xmlgraphics/batik-dom/1.14/batik-dom-1.14.jar:/Users/abstracta/.m2/repository/org/apache/xmlgraphics/batik-gvt/1.14/batik-gvt-1.14.jar:/Users/abstracta/.m2/repository/org/apache/xmlgraphics/batik-parser/1.14/batik-parser-1.14.jar:/Users/abstracta/.m2/repository/org/apache/xmlgraphics/batik-script/1.14/batik-script-1.14.jar:/Users/abstracta/.m2/repository/org/apache/xmlgraphics/batik-svg-dom/1.14/batik-svg-dom-1.14.jar:/Users/abstracta/.m2/repository/org/apache/xmlgraphics/batik-xml/1.14/batik-xml-1.14.jar:/Users/abstracta/.m2/repository/xml-apis/xml-apis-ext/1.3.04/xml-apis-ext-1.3.04.jar:/Users/abstracta/.m2/repository/org/apache/xmlgraphics/batik-shared-resources/1.14/batik-shared-resources-1.14.jar:/Users/abstracta/.m2/repository/org/apache/xmlgraphics/batik-transcoder/1.14/batik-transcoder-1.14.jar:/Users/abstracta/.m2/repository/org/apache/xmlgraphics/batik-svggen/1.14/batik-svggen-1.14.jar:/Users/abstracta/.m2/repository/org/apache/xmlgraphics/batik-util/1.14/batik-util-1.14.jar:/Users/abstracta/.m2/repository/org/apache/xmlgraphics/batik-constants/1.14/batik-constants-1.14.jar:/Users/abstracta/.m2/repository/org/apache/xmlgraphics/batik-i18n/1.14/batik-i18n-1.14.jar:/Users/abstracta/.m2/repository/org/jetbrains/lets-plot/lets-plot-common/2.2.1/lets-plot-common-2.2.1.jar:/Users/abstracta/.m2/repository/io/github/microutils/kotlin-logging/2.0.5/kotlin-logging-2.0.5.jar:/Users/abstracta/.m2/repository/org/jetbrains/kotlinx/kotlinx-html-jvm/0.7.3/kotlinx-html-jvm-0.7.3.jar:/Users/abstracta/.m2/repository/org/jetbrains/lets-plot/lets-plot-kotlin-jvm/3.1.1/lets-plot-kotlin-jvm-3.1.1.jar:/Users/abstracta/.m2/repository/org/jetbrains/lets-plot/base-portable-jvm/2.2.1/base-portable-jvm-2.2.1.jar:/Users/abstracta/.m2/repository/org/jetbrains/lets-plot/plot-base-portable-jvm/2.2.1/plot-base-portable-jvm-2.2.1.jar:/Users/abstracta/.m2/repository/org/jetbrains/lets-plot/vis-svg-portable-jvm/2.2.1/vis-svg-portable-jvm-2.2.1.jar:/Users/abstracta/.m2/repository/org/jetbrains/lets-plot/plot-common-portable-jvm/2.2.1/plot-common-portable-jvm-2.2.1.jar:/Users/abstracta/.m2/repository/org/jetbrains/lets-plot/plot-builder-portable-jvm/2.2.1/plot-builder-portable-jvm-2.2.1.jar:/Users/abstracta/.m2/repository/org/jetbrains/lets-plot/plot-config-portable-jvm/2.2.1/plot-config-portable-jvm-2.2.1.jar:/Users/abstracta/.m2/repository/org/jetbrains/kotlin/kotlin-stdlib-common/1.5.31/kotlin-stdlib-common-1.5.31.jar:/Users/abstracta/.m2/repository/io/github/microutils/kotlin-logging-jvm/2.0.5/kotlin-logging-jvm-2.0.5.jar:/Users/abstracta/.m2/repository/org/apache/xmlgraphics/xmlgraphics-commons/2.7/xmlgraphics-commons-2.7.jar:/Users/abstracta/.m2/repository/org/freemarker/freemarker/2.3.31/freemarker-2.3.31.jar:/Users/abstracta/.m2/repository/org/jodd/jodd-core/5.0.13/jodd-core-5.0.13.jar:/Users/abstracta/.m2/repository/org/jodd/jodd-props/5.0.13/jodd-props-5.0.13.jar:/Users/abstracta/.m2/repository/org/slf4j/jcl-over-slf4j/1.7.36/jcl-over-slf4j-1.7.36.jar:/Users/abstracta/.m2/repository/org/codehaus/groovy/groovy/3.0.11/groovy-3.0.11.jar:/Users/abstracta/.m2/repository/org/codehaus/groovy/groovy-dateutil/3.0.11/groovy-dateutil-3.0.11.jar:/Users/abstracta/.m2/repository/org/codehaus/groovy/groovy-datetime/3.0.11/groovy-datetime-3.0.11.jar:/Users/abstracta/.m2/repository/org/codehaus/groovy/groovy-jmx/3.0.11/groovy-jmx-3.0.11.jar:/Users/abstracta/.m2/repository/org/codehaus/groovy/groovy-json/3.0.11/groovy-json-3.0.11.jar:/Users/abstracta/.m2/repository/org/codehaus/groovy/groovy-jsr223/3.0.11/groovy-jsr223-3.0.11.jar:/Users/abstracta/.m2/repository/org/codehaus/groovy/groovy-sql/3.0.11/groovy-sql-3.0.11.jar:/Users/abstracta/.m2/repository/org/codehaus/groovy/groovy-templates/3.0.11/groovy-templates-3.0.11.jar:/Users/abstracta/.m2/repository/org/codehaus/groovy/groovy-xml/3.0.11/groovy-xml-3.0.11.jar:/Users/abstracta/.m2/repository/xerces/xercesImpl/2.12.2/xercesImpl-2.12.2.jar:/Users/abstracta/.m2/repository/xml-apis/xml-apis/1.4.01/xml-apis-1.4.01.jar:/Users/abstracta/.m2/repository/com/thoughtworks/xstream/xstream/1.4.19/xstream-1.4.19.jar:/Users/abstracta/.m2/repository/io/github/x-stream/mxparser/1.2.2/mxparser-1.2.2.jar:/Users/abstracta/.m2/repository/xmlpull/xmlpull/1.1.3.1/xmlpull-1.1.3.1.jar:/Users/abstracta/.m2/repository/com/github/ben-manes/caffeine/caffeine/2.9.3/caffeine-2.9.3.jar:/Users/abstracta/.m2/repository/org/checkerframework/checker-qual/3.19.0/checker-qual-3.19.0.jar:/Users/abstracta/.m2/repository/com/google/errorprone/error_prone_annotations/2.10.0/error_prone_annotations-2.10.0.jar:/Users/abstracta/.m2/repository/org/apache/commons/commons-lang3/3.12.0/commons-lang3-3.12.0.jar:/Users/abstracta/.m2/repository/org/apache/commons/commons-text/1.9/commons-text-1.9.jar:/Users/abstracta/.m2/repository/org/jodd/jodd-lagarto/5.0.13/jodd-lagarto-5.0.13.jar:/Users/abstracta/.m2/repository/org/jsoup/jsoup/1.15.1/jsoup-1.15.1.jar:/Users/abstracta/.m2/repository/oro/oro/2.0.8/oro-2.0.8.jar:/Users/abstracta/.m2/repository/org/apache/commons/commons-collections4/4.4/commons-collections4-4.4.jar:/Users/abstracta/.m2/repository/commons-net/commons-net/3.8.0/commons-net-3.8.0.jar:/Users/abstracta/.m2/repository/com/helger/commons/ph-commons/10.1.6/ph-commons-10.1.6.jar:/Users/abstracta/.m2/repository/com/helger/ph-css/6.5.0/ph-css-6.5.0.jar:/Users/abstracta/.m2/repository/dnsjava/dnsjava/2.1.9/dnsjava-2.1.9.jar:/Users/abstracta/.m2/repository/org/apache/httpcomponents/httpmime/4.5.13/httpmime-4.5.13.jar:/Users/abstracta/.m2/repository/org/brotli/dec/0.1.2/dec-0.1.2.jar:/Users/abstracta/.m2/repository/com/miglayout/miglayout-swing/5.3/miglayout-swing-5.3.jar:/Users/abstracta/.m2/repository/com/miglayout/miglayout-core/5.3/miglayout-core-5.3.jar:/Users/abstracta/.m2/repository/org/apache/tika/tika-core/1.28.3/tika-core-1.28.3.jar:/Users/abstracta/.m2/repository/org/apache/tika/tika-parsers/1.28.3/tika-parsers-1.28.3.jar:/Users/abstracta/.m2/repository/org/apache/jmeter/ApacheJMeter_functions/5.5/ApacheJMeter_functions-5.5.jar:/Users/abstracta/.m2/repository/org/mozilla/rhino/1.7.14/rhino-1.7.14.jar:/Users/abstracta/.m2/repository/commons-codec/commons-codec/1.15/commons-codec-1.15.jar:/Users/abstracta/.m2/repository/org/apache/commons/commons-jexl/2.1.1/commons-jexl-2.1.1.jar:/Users/abstracta/.m2/repository/org/apache/commons/commons-jexl3/3.2.1/commons-jexl3-3.2.1.jar:/Users/abstracta/.m2/repository/org/apache/jmeter/ApacheJMeter_components/5.5/ApacheJMeter_components-5.5.jar:/Users/abstracta/.m2/repository/org/apache-extras/beanshell/bsh/2.0b6/bsh-2.0b6.jar:/Users/abstracta/.m2/repository/javax/mail/mail/1.5.0-b01/mail-1.5.0-b01.jar:/Users/abstracta/.m2/repository/io/burt/jmespath-core/0.5.1/jmespath-core-0.5.1.jar:/Users/abstracta/.m2/repository/io/burt/jmespath-jackson/0.5.1/jmespath-jackson-0.5.1.jar:/Users/abstracta/.m2/repository/jcharts/jcharts/0.7.5/jcharts-0.7.5.jar:/Users/abstracta/.m2/repository/net/minidev/json-smart/2.4.8/json-smart-2.4.8.jar:/Users/abstracta/.m2/repository/net/minidev/accessors-smart/2.4.8/accessors-smart-2.4.8.jar:/Users/abstracta/.m2/repository/org/ow2/asm/asm/9.3/asm-9.3.jar:/Users/abstracta/.m2/repository/org/jodd/jodd-log/5.0.13/jodd-log-5.0.13.jar:/Users/abstracta/.m2/repository/com/jayway/jsonpath/json-path/2.7.0/json-path-2.7.0.jar:/Users/abstracta/.m2/repository/org/apache/httpcomponents/httpasyncclient/4.1.5/httpasyncclient-4.1.5.jar:/Users/abstracta/.m2/repository/org/apache/httpcomponents/httpcore-nio/4.4.15/httpcore-nio-4.4.15.jar:/Users/abstracta/.m2/repository/net/sf/jtidy/jtidy/r938/jtidy-r938.jar:/Users/abstracta/.m2/repository/com/sun/activation/javax.activation/1.2.0/javax.activation-1.2.0.jar:/Users/abstracta/.m2/repository/org/apache/jmeter/ApacheJMeter_config/5.5/ApacheJMeter_config-5.5.jar:/Users/abstracta/.m2/repository/org/apache/jmeter/ApacheJMeter_java/5.5/ApacheJMeter_java-5.5.jar:/Users/abstracta/.m2/repository/kg/apc/jmeter-plugins-casutg/2.10/jmeter-plugins-casutg-2.10.jar:/Users/abstracta/.m2/repository/kg/apc/jmeter-plugins-cmn-jmeter/0.6/jmeter-plugins-cmn-jmeter-0.6.jar:/Users/abstracta/.m2/repository/kg/apc/jmeter-plugins-charts/0.1/jmeter-plugins-charts-0.1.jar:/Users/abstracta/.m2/repository/kg/apc/jmeter-plugins-tst/2.5/jmeter-plugins-tst-2.5.jar:/Users/abstracta/.m2/repository/kg/apc/jmeter-plugins-dummy/0.4/jmeter-plugins-dummy-0.4.jar:/Users/abstracta/.m2/repository/com/blazemeter/jmeter-plugins-wsc/0.7/jmeter-plugins-wsc-0.7.jar:/Users/abstracta/.m2/repository/com/blazemeter/jmeter-plugins-random-csv-data-set/0.8/jmeter-plugins-random-csv-data-set-0.8.jar:/Users/abstracta/.m2/repository/org/apache/httpcomponents/httpcore/4.4.16/httpcore-4.4.16.jar:/Users/abstracta/.m2/repository/org/apache/httpcomponents/httpclient/4.5.14/httpclient-4.5.14.jar:/Users/abstracta/.m2/repository/commons-logging/commons-logging/1.2/commons-logging-1.2.jar:/Users/abstracta/.m2/repository/commons-io/commons-io/2.11.0/commons-io-2.11.0.jar:/Users/abstracta/.m2/repository/org/apache/commons/commons-math3/3.6.1/commons-math3-3.6.1.jar:/Users/abstracta/.m2/repository/org/slf4j/slf4j-api/1.7.36/slf4j-api-1.7.36.jar:/Users/abstracta/.m2/repository/com/fasterxml/jackson/core/jackson-databind/2.14.2/jackson-databind-2.14.2.jar:/Users/abstracta/.m2/repository/com/fasterxml/jackson/core/jackson-annotations/2.14.2/jackson-annotations-2.14.2.jar:/Users/abstracta/.m2/repository/com/fasterxml/jackson/core/jackson-core/2.14.2/jackson-core-2.14.2.jar:/Users/abstracta/.m2/repository/org/apache/commons/commons-pool2/2.11.1/commons-pool2-2.11.1.jar:/Users/abstracta/.m2/repository/org/junit/jupiter/junit-jupiter-engine/5.10.0/junit-jupiter-engine-5.10.0.jar:/Users/abstracta/.m2/repository/org/junit/platform/junit-platform-engine/1.10.0/junit-platform-engine-1.10.0.jar:/Users/abstracta/.m2/repository/org/opentest4j/opentest4j/1.3.0/opentest4j-1.3.0.jar:/Users/abstracta/.m2/repository/org/junit/platform/junit-platform-commons/1.10.0/junit-platform-commons-1.10.0.jar:/Users/abstracta/.m2/repository/org/junit/jupiter/junit-jupiter-api/5.10.0/junit-jupiter-api-5.10.0.jar:/Users/abstracta/.m2/repository/org/apiguardian/apiguardian-api/1.1.2/apiguardian-api-1.1.2.jar:/Users/abstracta/.m2/repository/org/assertj/assertj-core/3.24.2/assertj-core-3.24.2.jar:/Users/abstracta/.m2/repository/net/bytebuddy/byte-buddy/1.12.21/byte-buddy-1.12.21.jar:"/>
    <property name="sun.cpu.endian" value="little"/>
    <property name="user.home" value="/Users/abstracta"/>
    <property name="user.language" value="en"/>
    <property name="java.specification.vendor" value="Oracle Corporation"/>
    <property name="java.version.date" value="2023-01-17"/>
    <property name="java.home" value="/Users/abstracta/Library/Java/JavaVirtualMachines/openjdk-19.0.2/Contents/Home"/>
    <property name="file.separator" value="/"/>
    <property name="basedir" value="/Users/abstracta/Documents/Clients/Conferencias/QSConf/TallerJMeterDSL/proyecto_base"/>
    <property name="java.vm.compressedOopsMode" value="Zero based"/>
    <property name="line.separator" value="&#10;"/>
    <property name="darklaf.unifiedMenuBar" value="true"/>
    <property name="java.vm.specification.vendor" value="Oracle Corporation"/>
    <property name="java.specification.name" value="Java Platform API Specification"/>
    <property name="apple.awt.application.name" value="ForkedBooter"/>
    <property name="surefire.real.class.path" value="/Users/abstracta/Documents/Clients/Conferencias/QSConf/TallerJMeterDSL/proyecto_base/target/surefire/surefirebooter-20240924064402296_3.jar"/>
    <property name="darklaf.allowNativeCode" value="false"/>
    <property name="sun.management.compiler" value="HotSpot 64-Bit Tiered Compilers"/>
    <property name="java.runtime.version" value="19.0.2+7-44"/>
    <property name="user.name" value="abstracta"/>
    <property name="stdout.encoding" value="UTF-8"/>
    <property name="path.separator" value=":"/>
    <property name="os.version" value="13.1"/>
    <property name="java.runtime.name" value="OpenJDK Runtime Environment"/>
    <property name="file.encoding" value="UTF-8"/>
    <property name="java.vm.name" value="OpenJDK 64-Bit Server VM"/>
    <property name="localRepository" value="/Users/abstracta/.m2/repository"/>
    <property name="java.vendor.url.bug" value="https://bugreport.java.com/bugreport/"/>
    <property name="java.io.tmpdir" value="/var/folders/c3/16_8vmg53yd5dm70m9_95xlc0000gn/T/"/>
    <property name="java.version" value="19.0.2"/>
    <property name="user.dir" value="/Users/abstracta/Documents/Clients/Conferencias/QSConf/TallerJMeterDSL/proyecto_base"/>
    <property name="os.arch" value="x86_64"/>
    <property name="java.vm.specification.name" value="Java Virtual Machine Specification"/>
    <property name="native.encoding" value="UTF-8"/>
    <property name="java.library.path" value="/Users/abstracta/Library/Java/Extensions:/Library/Java/Extensions:/Network/Library/Java/Extensions:/System/Library/Java/Extensions:/usr/lib/java:."/>
    <property name="java.vm.info" value="mixed mode, sharing"/>
    <property name="stderr.encoding" value="UTF-8"/>
    <property name="java.vendor" value="Oracle Corporation"/>
    <property name="java.vm.version" value="19.0.2+7-44"/>
    <property name="sun.io.unicode.encoding" value="UnicodeBig"/>
    <property name="java.class.version" value="63.0"/>
  </properties>
  <testcase name="PrimerTest" classname="us.abstracta.jmeter.javadsl.sample.PrimerTest" time="26.698">
    <system-out><![CDATA[ =      1 in 00:00:00 =    4.5/s Avg:    55 Min:    55 Max:    55 Err:     1 (100.00%)
]]></system-out>
  </testcase>
</testsuite>